<?xml version="1.0" encoding="UTF-8"?>
<!-- Generated by org.testng.reporters.JUnitReportReporter -->
<testsuite hostname="LAPTOP-AKDT88P5" failures="0" tests="2" name="rahulshettyacademy.Test.SubmitOrderTest" time="35.339" errors="0" timestamp="2024-07-05T15:21:05 IST" skipped="0">
  <testcase classname="rahulshettyacademy.Test.SubmitOrderTest" name="SubmitOrder" time="17.858"/>
  <system-out/>
  <testcase classname="rahulshettyacademy.Test.SubmitOrderTest" name="SubmitOrder" time="17.481"/>
  <system-out/>
</testsuite> <!-- rahulshettyacademy.Test.SubmitOrderTest -->
