<?xml version="1.0" encoding="UTF-8"?>
<!-- Generated by org.testng.reporters.JUnitReportReporter -->
<testsuite hostname="LAPTOP-AKDT88P5" failures="0" tests="1" name="rahulshettyacademy.Test.VerifyOrderPageProduct" time="4.314" errors="0" timestamp="2024-07-02T20:30:22 IST" skipped="0">
  <testcase classname="rahulshettyacademy.Test.VerifyOrderPageProduct" name="VerifyOrder" time="4.314"/>
  <system-out/>
</testsuite> <!-- rahulshettyacademy.Test.VerifyOrderPageProduct -->
