<?xml version="1.0" encoding="UTF-8"?>
<!-- Generated by org.testng.reporters.JUnitReportReporter -->
<testsuite hostname="LAPTOP-AKDT88P5" failures="0" tests="2" name="rahulshettyacademy.Test.SubmitOrderTest" time="37.834" errors="0" timestamp="2024-07-05T10:39:54 IST" skipped="0">
  <testcase classname="rahulshettyacademy.Test.SubmitOrderTest" name="SubmitOrder" time="18.643"/>
  <testcase classname="rahulshettyacademy.Test.SubmitOrderTest" name="SubmitOrder" time="19.191"/>
</testsuite> <!-- rahulshettyacademy.Test.SubmitOrderTest -->
